c:\users\ajaybilwa\downloads\repos\viewer\bin\intermediates\win32\debug\human.pch
c:\users\ajaybilwa\downloads\repos\viewer\bin\intermediates\win32\debug\vc141.pdb
c:\users\ajaybilwa\downloads\repos\viewer\bin\intermediates\win32\debug\vc141.idb
c:\users\ajaybilwa\downloads\repos\viewer\bin\intermediates\win32\debug\stdafx.obj
c:\users\ajaybilwa\downloads\repos\viewer\bin\intermediates\win32\debug\human.obj
c:\users\ajaybilwa\downloads\repos\viewer\bin\intermediates\win32\debug\dllmain.obj
c:\users\ajaybilwa\downloads\repos\viewer\bin\win32\debug\human.lib
c:\users\ajaybilwa\downloads\repos\viewer\bin\win32\debug\human.exp
c:\users\ajaybilwa\downloads\repos\viewer\bin\win32\debug\human.ilk
c:\users\ajaybilwa\downloads\repos\viewer\bin\win32\debug\human.dll
c:\users\ajaybilwa\downloads\repos\viewer\bin\win32\debug\human.pdb
c:\users\ajaybilwa\downloads\repos\viewer\bin\intermediates\win32\debug\application.obj
c:\users\ajaybilwa\downloads\repos\viewer\bin\intermediates\win32\debug\application.obj.enc
c:\users\ajaybilwa\downloads\repos\viewer\bin\intermediates\win32\debug\human.tlog\cl.command.1.tlog
c:\users\ajaybilwa\downloads\repos\viewer\bin\intermediates\win32\debug\human.tlog\cl.read.1.tlog
c:\users\ajaybilwa\downloads\repos\viewer\bin\intermediates\win32\debug\human.tlog\cl.write.1.tlog
c:\users\ajaybilwa\downloads\repos\viewer\bin\intermediates\win32\debug\human.tlog\human.write.1u.tlog
c:\users\ajaybilwa\downloads\repos\viewer\bin\intermediates\win32\debug\human.tlog\link.command.1.tlog
c:\users\ajaybilwa\downloads\repos\viewer\bin\intermediates\win32\debug\human.tlog\link.read.1.tlog
c:\users\ajaybilwa\downloads\repos\viewer\bin\intermediates\win32\debug\human.tlog\link.write.1.tlog
